\BOOKMARK [0][-]{chapter.1}{\376\377\000\332\000v\000o\000d}{}% 1
\BOOKMARK [0][-]{chapter.2}{\376\377\000S\000k\000e\000l\000e\000t\000\341\000l\000n\000\355\000\040\000a\000n\000i\000m\000a\000c\000e}{}% 2
\BOOKMARK [1][-]{section.2.1}{\376\377\000K\000o\000s\000t\000r\000a}{chapter.2}% 3
\BOOKMARK [1][-]{section.2.2}{\376\377\000S\000k\000i\000n\000n\000i\000n\000g}{chapter.2}% 4
\BOOKMARK [2][-]{subsection.2.2.1}{\376\377\000L\000i\000n\000e\000a\000r\000\040\000b\000l\000e\000n\000d\000\040\000s\000k\000i\000n\000n\000i\000n\000g}{section.2.2}% 5
\BOOKMARK [1][-]{section.2.3}{\376\377\000T\000v\000o\000r\000b\000a\000\040\000a\000n\000i\000m\000a\000c\000e}{chapter.2}% 6
\BOOKMARK [2][-]{subsection.2.3.1}{\376\377\000P\000r\000o\000c\000e\000d\000u\000r\000\341\000l\000n\000\355\000\040\000s\000i\000m\000u\000l\000a\000c\000e}{section.2.3}% 7
\BOOKMARK [2][-]{subsection.2.3.2}{\376\377\000F\000y\000z\000i\000k\000\341\000l\000n\000\355\000\040\000s\000i\000m\000u\000l\000a\000c\000e}{section.2.3}% 8
\BOOKMARK [2][-]{subsection.2.3.3}{\376\377\000E\000d\000i\000t\000a\000c\000e\000\040\000p\000o\000h\000y\000b\000u}{section.2.3}% 9
\BOOKMARK [0][-]{chapter.3}{\376\377\000K\000i\000n\000e\000m\000a\000t\000i\000k\000y}{}% 10
\BOOKMARK [1][-]{section.3.1}{\376\377\000J\000a\000c\000o\000b\000i\000h\000o\000\040\000i\000n\000v\000e\000r\000z\000n\000\355\000\040\000m\000e\000t\000o\000d\000a}{chapter.3}% 11
\BOOKMARK [1][-]{section.3.2}{\376\377\000C\000y\000c\000l\000i\000c\000\040\000C\000o\000o\000r\000d\000i\000n\000a\000t\000e\000\040\000D\000e\000s\000c\000e\000n\000t}{chapter.3}% 12
\BOOKMARK [0][-]{chapter.4}{\376\377\000L\000i\000d\000s\000k\000\341\000\040\000c\000h\001\157\000z\000e}{}% 13
\BOOKMARK [1][-]{section.4.1}{\376\377\000F\000\341\000z\000e\000\040\000k\000r\000o\000k\000o\000v\000\351\000h\000o\000\040\000c\000y\000k\000l\000u}{chapter.4}% 14
\BOOKMARK [2][-]{subsection.4.1.1}{\376\377\000P\000o\001\015\000\341\000t\000e\001\015\000n\000\355\000\040\000k\000o\000n\000t\000a\000k\000t}{section.4.1}% 15
\BOOKMARK [2][-]{subsection.4.1.2}{\376\377\000S\000t\000a\000d\000i\000u\000m\000\040\000z\000a\000t\001\033\001\176\000o\000v\000\341\000n\000\355}{section.4.1}% 16
\BOOKMARK [2][-]{subsection.4.1.3}{\376\377\000M\000e\000z\000i\000s\000t\000o\000j}{section.4.1}% 17
\BOOKMARK [2][-]{subsection.4.1.4}{\376\377\000K\000o\000n\000e\001\015\000n\000\375\000\040\000s\000t\000o\000j}{section.4.1}% 18
\BOOKMARK [2][-]{subsection.4.1.5}{\376\377\000P\001\131\000e\000d\001\141\000v\000i\000h\000o\000v\000\341\000\040\000f\000\341\000z\000e}{section.4.1}% 19
\BOOKMARK [2][-]{subsection.4.1.6}{\376\377\000P\000o\001\015\000\341\000t\000e\001\015\000n\000\355\000\040\001\141\000v\000i\000h}{section.4.1}% 20
\BOOKMARK [2][-]{subsection.4.1.7}{\376\377\000M\000e\000z\000i\001\141\000v\000i\000h}{section.4.1}% 21
\BOOKMARK [2][-]{subsection.4.1.8}{\376\377\000K\000o\000n\000e\001\015\000n\000\375\000\040\001\141\000v\000i\000h}{section.4.1}% 22
\BOOKMARK [1][-]{section.4.2}{\376\377\000I\000n\000t\000e\000r\000a\000c\000t\000i\000v\000e\000\040\000A\000n\000i\000m\000a\000t\000i\000o\000n\000\040\000o\000f\000\040\000P\000e\000r\000s\000o\000n\000a\000l\000i\000z\000e\000d\000\040\000H\000u\000m\000a\000n\000\040\000L\000o\000c\000o\000m\000o\000t\000i\000o\000n}{chapter.4}% 23
\BOOKMARK [1][-]{section.4.3}{\376\377\000A\000n\000i\000m\000a\000t\000i\000o\000n\000\040\000o\000f\000\040\000H\000u\000m\000a\000n\000\040\000W\000a\000l\000k\000i\000n\000g\000\040\000i\000n\000\040\000V\000i\000r\000t\000u\000a\000l\000\040\000E\000n\000v\000i\000r\000o\000n\000m\000e\000n\000t\000s}{chapter.4}% 24
\BOOKMARK [0][-]{chapter.5}{\376\377\000Z\000\341\000v\001\033\000r}{}% 25
