\BOOKMARK [0][-]{chapter.1}{\376\377\000\332\000v\000o\000d}{}% 1
\BOOKMARK [0][-]{chapter.2}{\376\377\000S\000k\000e\000l\000e\000t\000\341\000l\000n\000\355\000\040\000a\000n\000i\000m\000a\000c\000e}{}% 2
\BOOKMARK [1][-]{section.2.1}{\376\377\000K\000o\000s\000t\000r\000a}{chapter.2}% 3
\BOOKMARK [1][-]{section.2.2}{\376\377\000S\000k\000i\000n\000n\000i\000n\000g}{chapter.2}% 4
\BOOKMARK [1][-]{section.2.3}{\376\377\000T\000v\000o\000r\000b\000a\000\040\000a\000n\000i\000m\000a\000c\000e}{chapter.2}% 5
\BOOKMARK [0][-]{chapter.3}{\376\377\000K\000i\000n\000e\000m\000a\000t\000i\000k\000y}{}% 6
\BOOKMARK [1][-]{section.3.1}{\376\377\000J\000a\000c\000o\000b\000i\000h\000o\000\040\000i\000n\000v\000e\000r\000z\000n\000\355\000\040\000m\000e\000t\000o\000d\000a}{chapter.3}% 7
\BOOKMARK [1][-]{section.3.2}{\376\377\000C\000y\000c\000l\000i\000c\000\040\000C\000o\000o\000r\000d\000i\000n\000a\000t\000e\000\040\000D\000e\000s\000c\000e\000n\000t}{chapter.3}% 8
\BOOKMARK [0][-]{chapter.4}{\376\377\000L\000i\000d\000s\000k\000\341\000\040\000c\000h\001\157\000z\000e}{}% 9
\BOOKMARK [1][-]{section.4.1}{\376\377\000F\000\341\000z\000e\000\040\000k\000r\000o\000k\000o\000v\000\351\000h\000o\000\040\000c\000y\000k\000l\000u}{chapter.4}% 10
\BOOKMARK [0][-]{chapter.5}{\376\377\000E\000x\000i\000s\000t\000u\000j\000\355\000c\000\355\000\040\000i\000m\000p\000l\000e\000m\000e\000n\000t\000a\000c\000e}{}% 11
\BOOKMARK [1][-]{section.5.1}{\376\377\000I\000n\000t\000e\000r\000a\000c\000t\000i\000v\000e\000\040\000A\000n\000i\000m\000a\000t\000i\000o\000n\000\040\000o\000f\000\040\000P\000e\000r\000s\000o\000n\000a\000l\000i\000z\000e\000d\000\040\000H\000u\000m\000a\000n\000\040\000L\000o\000c\000o\000m\000o\000t\000i\000o\000n}{chapter.5}% 12
\BOOKMARK [1][-]{section.5.2}{\376\377\000A\000n\000i\000m\000a\000t\000i\000o\000n\000\040\000o\000f\000\040\000H\000u\000m\000a\000n\000\040\000W\000a\000l\000k\000i\000n\000g\000\040\000i\000n\000\040\000V\000i\000r\000t\000u\000a\000l\000\040\000E\000n\000v\000i\000r\000o\000n\000m\000e\000n\000t\000s}{chapter.5}% 13
\BOOKMARK [0][-]{chapter.6}{\376\377\000N\000\341\000v\000r\000h\000\040\000a\000\040\000r\000e\000a\000l\000i\000z\000a\000c\000e\000\040\001\131\000e\001\141\000e\000n\000\355}{}% 14
\BOOKMARK [1][-]{section.6.1}{\376\377\000N\000a\001\015\000t\000e\000n\000\355\000\040\000m\000o\000d\000e\000l\000u}{chapter.6}% 15
\BOOKMARK [1][-]{section.6.2}{\376\377\000Z\000o\000b\000r\000a\000z\000e\000n\000\355}{chapter.6}% 16
\BOOKMARK [1][-]{section.6.3}{\376\377\000A\000n\000i\000m\000a\000c\000e}{chapter.6}% 17
\BOOKMARK [1][-]{section.6.4}{\376\377\000N\000a\000s\000t\000a\000v\000o\000v\000\341\000n\000\355\000\040\000p\000a\000r\000a\000m\000e\000t\000r\001\157}{chapter.6}% 18
\BOOKMARK [1][-]{section.6.5}{\376\377\000M\001\033\001\131\000e\000n\000\355\000\040\000r\000y\000c\000h\000l\000o\000s\000t\000i}{chapter.6}% 19
\BOOKMARK [0][-]{chapter.7}{\376\377\000Z\000\341\000v\001\033\000r}{}% 20
\BOOKMARK [0][-]{chapter*.44}{\376\377\000L\000i\000t\000e\000r\000a\000t\000u\000r\000a}{}% 21
